<?xml version="1.0" encoding="UTF-8"?>
<!-- Generated by org.testng.reporters.JUnitReportReporter -->
<testsuite hostname="Hemanth" failures="0" tests="2" name="restwebservice.tests.testscript.VerifyGoogMaps" time="2.069" errors="0" timestamp="2021-12-13T13:44:13 PST" skipped="0">
  <testcase classname="restwebservice.tests.testscript.VerifyGoogMaps" name="VerifyStatusCode" time="0.141"/>
  <system-out/>
  <testcase classname="restwebservice.tests.testscript.VerifyGoogMaps" name="VerifyDestAddress" time="1.928"/>
  <system-out/>
</testsuite> <!-- restwebservice.tests.testscript.VerifyGoogMaps -->
