<?xml version="1.0" encoding="UTF-8"?>
<!-- Generated by org.testng.reporters.JUnitReportReporter -->
<testsuite hostname="Hemanth" failures="0" tests="3" name="restwebservice.tests.testscript.VerifyDistanceMatrixAPIs" time="1.017" errors="0" timestamp="2021-12-13T21:08:44 PST" skipped="0">
  <testcase classname="restwebservice.tests.testscript.VerifyDistanceMatrixAPIs" name="destinationAddressVerification" time="0.978"/>
  <system-out/>
  <testcase classname="restwebservice.tests.testscript.VerifyDistanceMatrixAPIs" name="distanceValueVerification" time="0.035"/>
  <system-out/>
  <testcase classname="restwebservice.tests.testscript.VerifyDistanceMatrixAPIs" name="statusCodeVerification" time="0.004"/>
  <system-out/>
</testsuite> <!-- restwebservice.tests.testscript.VerifyDistanceMatrixAPIs -->
