<?xml version="1.0" encoding="UTF-8"?>
<!-- Generated by org.testng.reporters.JUnitReportReporter -->
<testsuite hostname="Hemanth" failures="0" tests="1" name="restwebservice.tests.testscript.VerifyDistanceMatrixAPIs2" time="0.005" errors="0" timestamp="2021-12-12T23:06:10 PST" skipped="0">
  <testcase classname="restwebservice.tests.testscript.VerifyDistanceMatrixAPIs2" name="f" time="0.005"/>
  <system-out/>
</testsuite> <!-- restwebservice.tests.testscript.VerifyDistanceMatrixAPIs2 -->
