<?xml version="1.0" encoding="UTF-8"?>
<!-- Generated by org.testng.reporters.JUnitReportReporter -->
<testsuite hostname="Hemanth" failures="0" tests="1" name="web.ui.automation.task1.testscripts.WebUIAutomationTest" time="16.144" errors="0" timestamp="2021-12-12T21:15:43 PST" skipped="0">
  <testcase classname="web.ui.automation.task1.testscripts.WebUIAutomationTest" name="verifyUITAP" time="16.144"/>
  <system-out/>
</testsuite> <!-- web.ui.automation.task1.testscripts.WebUIAutomationTest -->
