<?xml version="1.0" encoding="UTF-8"?>
<!-- Generated by org.testng.reporters.JUnitReportReporter -->
<testsuite hostname="Hemanth" failures="0" tests="1" name="web.ui.automation.task1.testscripts.WebUIAutomationTest" time="1.023" errors="0" timestamp="2021-12-11T20:34:52 PST" skipped="0">
  <testcase classname="web.ui.automation.task1.testscripts.WebUIAutomationTest" name="verfiyPlayGround" time="1.023"/>
  <system-out/>
</testsuite> <!-- web.ui.automation.task1.testscripts.WebUIAutomationTest -->
